  spaceship.c
d:\c c++\ex_space\ex_space\spaceship.c(39): warning C4133: '=': incompatible types - from 'Aliens *' to 'Alien *'
  menu.c
d:\c c++\ex_space\ex_space\frontend.h(1): fatal error C1083: Cannot open include file: 'unistd.h': No such file or directory
  game.c
d:\c c++\ex_space\ex_space\frontend.h(1): fatal error C1083: Cannot open include file: 'unistd.h': No such file or directory
  display.c
d:\c c++\ex_space\ex_space\frontend.h(1): fatal error C1083: Cannot open include file: 'unistd.h': No such file or directory
  board.c
d:\c c++\ex_space\ex_space\board.c(15): warning C4133: '=': incompatible types - from 'Block **' to 'Blocks **'
d:\c c++\ex_space\ex_space\board.c(9): warning C4133: 'initializing': incompatible types - from 'Alien **' to 'Aliens **'
d:\c c++\ex_space\ex_space\board.c(28): warning C4133: 'function': incompatible types - from 'Aliens **' to 'Alien **'
d:\c c++\ex_space\ex_space\board.c(30): warning C4133: 'function': incompatible types - from 'Blocks **' to 'Block **'
d:\c c++\ex_space\ex_space\board.c(45): warning C4133: 'initializing': incompatible types - from 'Blocks *' to 'Block *'
d:\c c++\ex_space\ex_space\board.c(62): warning C4133: 'initializing': incompatible types - from 'Aliens *' to 'Alien *'
d:\c c++\ex_space\ex_space\board.c(81): warning C4133: 'initializing': incompatible types - from 'Aliens *' to 'Alien *'
  block.c
  aliens.c
d:\c c++\ex_space\ex_space\aliens.c(86): warning C4133: 'function': incompatible types - from 'Aliens **' to 'Alien **'
d:\c c++\ex_space\ex_space\aliens.c(87): warning C4133: 'function': incompatible types - from 'Blocks **' to 'Block **'
d:\c c++\ex_space\ex_space\aliens.c(90): warning C4133: 'function': incompatible types - from 'Blocks **' to 'Block **'
d:\c c++\ex_space\ex_space\aliens.c(102): warning C4133: '=': incompatible types - from 'Alien *' to 'Aliens *'
d:\c c++\ex_space\ex_space\aliens.c(108): warning C4133: '=': incompatible types - from 'Aliens *' to 'Alien *'
d:\c c++\ex_space\ex_space\aliens.c(142): warning C4133: 'function': incompatible types - from 'Aliens **' to 'Alien **'
d:\c c++\ex_space\ex_space\aliens.c(168): warning C4133: 'initializing': incompatible types - from 'Blocks *' to 'Block *'
d:\c c++\ex_space\ex_space\aliens.c(188): warning C4133: 'function': incompatible types - from 'Aliens **' to 'Alien **'
d:\c c++\ex_space\ex_space\aliens.c(197): warning C4133: 'function': incompatible types - from 'Aliens **' to 'Alien **'
d:\c c++\ex_space\ex_space\aliens.c(207): warning C4133: 'function': incompatible types - from 'Aliens **' to 'Alien **'
d:\c c++\ex_space\ex_space\aliens.c(213): warning C4133: '=': incompatible types - from 'Aliens *' to 'Alien *'
d:\c c++\ex_space\ex_space\aliens.c(224): warning C4133: 'initializing': incompatible types - from 'Aliens *' to 'Alien *'
  Generating Code...
d:\c c++\ex_space\ex_space\aliens.c(80): warning C4715: 'createAlien': not all control paths return a value
